2023-04-18 17:48:18 INFO  Log:14 - *******************************
2023-04-18 17:48:18 INFO  Log:15 - *******************************
2023-04-18 17:48:18 INFO  Log:16 - **********This is the beginning of my test case**********
2023-04-18 17:48:18 INFO  Log:24 - My test case is executing right now
2023-04-18 17:48:18 INFO  Log:27 - My test case might have some trivial issues
2023-04-18 17:48:35 INFO  Log:24 - This test case is about to get completed
2023-04-18 17:48:35 INFO  Log:19 - #############################
2023-04-18 17:48:35 INFO  Log:20 - #############################
2023-04-18 17:48:35 INFO  Log:21 - #########This test case is finished##########
2023-04-18 18:04:20 INFO  Log:14 - *******************************
2023-04-18 18:04:20 INFO  Log:15 - *******************************
2023-04-18 18:04:20 INFO  Log:16 - **********This is the beginning of my test case**********
2023-04-18 18:04:20 INFO  Log:24 - My test case is executing right now
2023-04-18 18:04:20 INFO  Log:27 - My test case might have some trivial issues
2023-04-18 18:04:29 INFO  Log:24 - This test case is about to get completed
2023-04-18 18:04:29 INFO  Log:19 - #############################
2023-04-18 18:04:29 INFO  Log:20 - #############################
2023-04-18 18:04:29 INFO  Log:21 - #########This test case is finished##########
2023-04-19 20:22:29 INFO  Log:14 - *******************************
2023-04-19 20:22:29 INFO  Log:15 - *******************************
2023-04-19 20:22:29 INFO  Log:16 - **********This is the beginning of my test case**********
2023-04-19 20:22:29 INFO  Log:24 - My test case is executing right now
2023-04-19 20:22:29 INFO  Log:27 - My test case might have some trivial issues
2023-04-19 20:22:39 INFO  Log:24 - This test case is about to get completed
2023-04-19 20:22:39 INFO  Log:19 - #############################
2023-04-19 20:22:39 INFO  Log:20 - #############################
2023-04-19 20:22:39 INFO  Log:21 - #########This test case is finished##########
2023-04-22 16:53:35 INFO  Log:14 - *******************************
2023-04-22 16:53:35 INFO  Log:15 - *******************************
2023-04-22 16:53:35 INFO  Log:16 - **********This is the beginning of my test case**********
2023-04-22 16:53:35 INFO  Log:24 - My test case is executing right now
2023-04-22 16:53:35 INFO  Log:27 - My test case might have some trivial issues
2023-04-22 16:53:37 INFO  Log:24 - This test case is about to get completed
2023-04-22 16:53:37 INFO  Log:19 - #############################
2023-04-22 16:53:37 INFO  Log:20 - #############################
2023-04-22 16:53:37 INFO  Log:21 - #########This test case is finished##########
2023-04-22 17:14:55 INFO  Log:14 - *******************************
2023-04-22 17:14:55 INFO  Log:15 - *******************************
2023-04-22 17:14:55 INFO  Log:16 - **********This is the beginning of my test case**********
2023-04-22 17:14:55 INFO  Log:24 - My test case is executing right now
2023-04-22 17:14:55 INFO  Log:27 - My test case might have some trivial issues
2023-04-22 17:14:58 INFO  Log:24 - This test case is about to get completed
2023-04-22 17:14:58 INFO  Log:19 - #############################
2023-04-22 17:14:58 INFO  Log:20 - #############################
2023-04-22 17:14:58 INFO  Log:21 - #########This test case is finished##########
2023-04-22 17:18:16 INFO  Log:14 - *******************************
2023-04-22 17:18:16 INFO  Log:15 - *******************************
2023-04-22 17:18:16 INFO  Log:16 - **********This is the beginning of my test case**********
2023-04-22 17:18:16 INFO  Log:24 - My test case is executing right now
2023-04-22 17:18:16 INFO  Log:27 - My test case might have some trivial issues
2023-04-22 17:18:18 INFO  Log:24 - This test case is about to get completed
2023-04-22 17:18:18 INFO  Log:19 - #############################
2023-04-22 17:18:18 INFO  Log:20 - #############################
2023-04-22 17:18:18 INFO  Log:21 - #########This test case is finished##########
2023-04-22 17:18:21 INFO  Log:14 - *******************************
2023-04-22 17:18:21 INFO  Log:15 - *******************************
2023-04-22 17:18:21 INFO  Log:16 - **********This is the beginning of my test case**********
2023-04-22 17:18:21 INFO  Log:24 - My test case is executing right now
2023-04-22 17:18:21 INFO  Log:27 - My test case might have some trivial issues
2023-04-22 17:18:23 INFO  Log:24 - This test case is about to get completed
2023-04-22 17:18:23 INFO  Log:19 - #############################
2023-04-22 17:18:23 INFO  Log:20 - #############################
2023-04-22 17:18:23 INFO  Log:21 - #########This test case is finished##########
2023-04-22 17:18:52 INFO  Log:14 - *******************************
2023-04-22 17:18:52 INFO  Log:15 - *******************************
2023-04-22 17:18:52 INFO  Log:16 - **********This is the beginning of my test case**********
2023-04-22 17:18:52 INFO  Log:24 - My test case is executing right now
2023-04-22 17:18:52 INFO  Log:27 - My test case might have some trivial issues
2023-04-22 17:18:54 INFO  Log:24 - This test case is about to get completed
2023-04-22 17:18:54 INFO  Log:19 - #############################
2023-04-22 17:18:54 INFO  Log:20 - #############################
2023-04-22 17:18:54 INFO  Log:21 - #########This test case is finished##########
2023-04-22 17:37:15 INFO  Log:14 - *******************************
2023-04-22 17:37:15 INFO  Log:15 - *******************************
2023-04-22 17:37:15 INFO  Log:16 - **********This is the beginning of my test case**********
2023-04-22 17:37:15 INFO  Log:24 - My test case is executing right now
2023-04-22 17:37:15 INFO  Log:27 - My test case might have some trivial issues
2023-04-22 17:37:17 INFO  Log:24 - This test case is about to get completed
2023-04-22 17:37:17 INFO  Log:19 - #############################
2023-04-22 17:37:17 INFO  Log:20 - #############################
2023-04-22 17:37:17 INFO  Log:21 - #########This test case is finished##########
2023-05-13 09:36:01 INFO  Log:14 - *******************************
2023-05-13 09:36:01 INFO  Log:15 - *******************************
2023-05-13 09:36:01 INFO  Log:16 - **********This is the beginning of my test case**********
2023-05-13 09:36:01 INFO  Log:24 - My test case is executing right now
2023-05-13 09:36:01 INFO  Log:27 - My test case might have some trivial issues
2023-05-13 09:36:11 INFO  Log:24 - This test case is about to get completed
2023-05-13 09:36:11 INFO  Log:19 - #############################
2023-05-13 09:36:11 INFO  Log:20 - #############################
2023-05-13 09:36:11 INFO  Log:21 - #########This test case is finished##########
2023-05-13 09:40:50 INFO  Log:14 - *******************************
2023-05-13 09:40:50 INFO  Log:15 - *******************************
2023-05-13 09:40:50 INFO  Log:16 - **********This is the beginning of my test case**********
2023-05-13 09:40:50 INFO  Log:24 - My test case is executing right now
2023-05-13 09:40:50 INFO  Log:27 - My test case might have some trivial issues
2023-05-13 09:40:57 INFO  Log:24 - This test case is about to get completed
2023-05-13 09:40:57 INFO  Log:19 - #############################
2023-05-13 09:40:57 INFO  Log:20 - #############################
2023-05-13 09:40:57 INFO  Log:21 - #########This test case is finished##########
2023-05-13 09:45:44 INFO  Log:14 - *******************************
2023-05-13 09:45:44 INFO  Log:15 - *******************************
2023-05-13 09:45:44 INFO  Log:16 - **********This is the beginning of my test case**********
2023-05-13 09:45:44 INFO  Log:24 - My test case is executing right now
2023-05-13 09:45:44 INFO  Log:27 - My test case might have some trivial issues
2023-05-13 09:45:52 INFO  Log:24 - This test case is about to get completed
2023-05-13 09:45:52 INFO  Log:19 - #############################
2023-05-13 09:45:52 INFO  Log:20 - #############################
2023-05-13 09:45:52 INFO  Log:21 - #########This test case is finished##########
2023-05-27 07:24:50 INFO  Log:14 - *******************************
2023-05-27 07:24:50 INFO  Log:15 - *******************************
2023-05-27 07:24:50 INFO  Log:16 - **********This is the beginning of my test case**********
2023-05-27 07:24:50 INFO  Log:24 - My test case is executing right now
2023-05-27 07:24:50 INFO  Log:27 - My test case might have some trivial issues
2023-05-27 07:24:52 INFO  Log:24 - This test case is about to get completed
2023-05-27 07:24:52 INFO  Log:19 - #############################
2023-05-27 07:24:52 INFO  Log:20 - #############################
2023-05-27 07:24:52 INFO  Log:21 - #########This test case is finished##########
2023-05-27 07:32:52 INFO  Log:14 - *******************************
2023-05-27 07:32:52 INFO  Log:15 - *******************************
2023-05-27 07:32:52 INFO  Log:16 - **********This is the beginning of my test case**********
2023-05-27 07:32:52 INFO  Log:24 - My test case is executing right now
2023-05-27 07:32:52 INFO  Log:27 - My test case might have some trivial issues
2023-05-27 07:32:54 INFO  Log:24 - This test case is about to get completed
2023-05-27 07:32:54 INFO  Log:19 - #############################
2023-05-27 07:32:54 INFO  Log:20 - #############################
2023-05-27 07:32:54 INFO  Log:21 - #########This test case is finished##########
2023-05-27 09:38:11 INFO  Log:14 - *******************************
2023-05-27 09:38:11 INFO  Log:15 - *******************************
2023-05-27 09:38:11 INFO  Log:16 - **********This is the beginning of my test case**********
2023-05-27 09:38:11 INFO  Log:24 - My test case is executing right now
2023-05-27 09:38:11 INFO  Log:27 - My test case might have some trivial issues
2023-05-27 09:38:14 INFO  Log:24 - This test case is about to get completed
2023-05-27 09:38:14 INFO  Log:19 - #############################
2023-05-27 09:38:14 INFO  Log:20 - #############################
2023-05-27 09:38:14 INFO  Log:21 - #########This test case is finished##########
2023-05-27 09:38:17 INFO  Log:14 - *******************************
2023-05-27 09:38:17 INFO  Log:15 - *******************************
2023-05-27 09:38:17 INFO  Log:16 - **********This is the beginning of my test case**********
2023-05-27 09:38:17 INFO  Log:24 - My test case is executing right now
2023-05-27 09:38:17 INFO  Log:27 - My test case might have some trivial issues
2023-05-27 09:38:17 INFO  Log:24 - This test case is about to get completed
2023-05-27 09:38:17 INFO  Log:19 - #############################
2023-05-27 09:38:17 INFO  Log:20 - #############################
2023-05-27 09:38:17 INFO  Log:21 - #########This test case is finished##########
2023-05-27 10:07:01 INFO  Log:14 - *******************************
2023-05-27 10:07:01 INFO  Log:15 - *******************************
2023-05-27 10:07:01 INFO  Log:16 - **********This is the beginning of my test case**********
2023-05-27 10:07:01 INFO  Log:24 - My test case is executing right now
2023-05-27 10:07:01 INFO  Log:27 - My test case might have some trivial issues
2023-05-27 10:07:03 INFO  Log:24 - This test case is about to get completed
2023-05-27 10:07:03 INFO  Log:19 - #############################
2023-05-27 10:07:03 INFO  Log:20 - #############################
2023-05-27 10:07:03 INFO  Log:21 - #########This test case is finished##########
2023-05-28 14:40:22 INFO  Log:14 - *******************************
2023-05-28 14:40:22 INFO  Log:15 - *******************************
2023-05-28 14:40:22 INFO  Log:16 - **********This is the beginning of my test case**********
2023-05-28 14:40:22 INFO  Log:24 - My test case is executing right now
2023-05-28 14:40:22 INFO  Log:27 - My test case might have some trivial issues
2023-05-28 14:40:25 INFO  Log:24 - This test case is about to get completed
2023-05-28 14:40:25 INFO  Log:19 - #############################
2023-05-28 14:40:25 INFO  Log:20 - #############################
2023-05-28 14:40:25 INFO  Log:21 - #########This test case is finished##########
2023-05-28 14:40:29 INFO  Log:14 - *******************************
2023-05-28 14:40:29 INFO  Log:15 - *******************************
2023-05-28 14:40:29 INFO  Log:16 - **********This is the beginning of my test case**********
2023-05-28 14:40:29 INFO  Log:24 - My test case is executing right now
2023-05-28 14:40:29 INFO  Log:27 - My test case might have some trivial issues
2023-05-28 14:40:29 INFO  Log:24 - This test case is about to get completed
2023-05-28 14:40:29 INFO  Log:19 - #############################
2023-05-28 14:40:29 INFO  Log:20 - #############################
2023-05-28 14:40:29 INFO  Log:21 - #########This test case is finished##########
2023-05-28 14:40:32 INFO  Log:14 - *******************************
2023-05-28 14:40:32 INFO  Log:15 - *******************************
2023-05-28 14:40:32 INFO  Log:16 - **********This is the beginning of my test case**********
2023-05-28 14:40:32 INFO  Log:24 - My test case is executing right now
2023-05-28 14:40:32 INFO  Log:27 - My test case might have some trivial issues
2023-05-28 14:40:33 INFO  Log:24 - This test case is about to get completed
2023-05-28 14:40:33 INFO  Log:19 - #############################
2023-05-28 14:40:33 INFO  Log:20 - #############################
2023-05-28 14:40:33 INFO  Log:21 - #########This test case is finished##########
2023-05-28 15:18:58 INFO  Log:14 - *******************************
2023-05-28 15:18:58 INFO  Log:15 - *******************************
2023-05-28 15:18:58 INFO  Log:16 - **********This is the beginning of my test case**********
2023-05-28 15:18:58 INFO  Log:24 - My test case is executing right now
2023-05-28 15:18:58 INFO  Log:27 - My test case might have some trivial issues
2023-05-28 15:19:01 INFO  Log:24 - This test case is about to get completed
2023-05-28 15:19:01 INFO  Log:19 - #############################
2023-05-28 15:19:01 INFO  Log:20 - #############################
2023-05-28 15:19:01 INFO  Log:21 - #########This test case is finished##########
2023-05-30 18:35:54 INFO  Log:14 - *******************************
2023-05-30 18:35:54 INFO  Log:15 - *******************************
2023-05-30 18:35:54 INFO  Log:16 - **********This is the beginning of my test case**********
2023-05-30 18:35:54 INFO  Log:24 - My test case is executing right now
2023-05-30 18:35:54 INFO  Log:27 - My test case might have some trivial issues
2023-05-30 18:36:29 INFO  Log:24 - This test case is about to get completed
2023-05-30 18:36:29 INFO  Log:19 - #############################
2023-05-30 18:36:29 INFO  Log:20 - #############################
2023-05-30 18:36:29 INFO  Log:21 - #########This test case is finished##########
2023-05-30 18:37:18 INFO  Log:14 - *******************************
2023-05-30 18:37:18 INFO  Log:15 - *******************************
2023-05-30 18:37:18 INFO  Log:16 - **********This is the beginning of my test case**********
2023-05-30 18:37:18 INFO  Log:24 - My test case is executing right now
2023-05-30 18:37:18 INFO  Log:27 - My test case might have some trivial issues
2023-05-30 18:37:20 INFO  Log:24 - This test case is about to get completed
2023-05-30 18:37:20 INFO  Log:19 - #############################
2023-05-30 18:37:20 INFO  Log:20 - #############################
2023-05-30 18:37:20 INFO  Log:21 - #########This test case is finished##########
